::1 - - [14/Apr/2023:07:53:04 +0000] "POST /api/auth/register HTTP/1.1" 200 2 "-" "-"
::1 - - [14/Apr/2023:07:53:04 +0000] "POST /api/auth/login HTTP/1.1" 200 201 "-" "-"
::1 - - [14/Apr/2023:07:53:04 +0000] "GET /api/subject/list HTTP/1.1" 200 1205 "-" "-"
::1 - - [14/Apr/2023:07:53:04 +0000] "GET /api/subject/list?id=37 HTTP/1.1" 200 1205 "-" "-"
::1 - - [14/Apr/2023:07:53:04 +0000] "GET / HTTP/1.1" 200 5392 "-" "-"
::1 - - [14/Apr/2023:07:53:04 +0000] "GET /pageexistiertnicht HTTP/1.1" 404 1115 "-" "-"
::1 - - [14/Apr/2023:07:59:32 +0000] "POST /api/auth/register HTTP/1.1" 200 2 "-" "-"
::1 - - [14/Apr/2023:07:59:32 +0000] "POST /api/auth/login HTTP/1.1" 200 201 "-" "-"
::1 - - [14/Apr/2023:07:59:32 +0000] "POST /api/subject/list HTTP/1.1" 404 156 "-" "-"
::1 - - [14/Apr/2023:07:59:32 +0000] "GET /api/subject/list HTTP/1.1" 200 1306 "-" "-"
::1 - - [14/Apr/2023:07:59:32 +0000] "GET /api/subject/list?id=40 HTTP/1.1" 200 1306 "-" "-"
::1 - - [14/Apr/2023:07:59:33 +0000] "GET / HTTP/1.1" 200 5392 "-" "-"
::1 - - [14/Apr/2023:07:59:33 +0000] "GET /pageexistiertnicht HTTP/1.1" 404 1115 "-" "-"
::1 - - [14/Apr/2023:08:00:02 +0000] "POST /api/auth/register HTTP/1.1" 200 2 "-" "-"
::1 - - [14/Apr/2023:08:00:02 +0000] "POST /api/auth/login HTTP/1.1" 200 201 "-" "-"
::1 - - [14/Apr/2023:08:00:02 +0000] "POST /api/subject/create HTTP/1.1" 200 2 "-" "-"
::1 - - [14/Apr/2023:08:00:02 +0000] "GET /api/subject/list HTTP/1.1" 200 1444 "-" "-"
::1 - - [14/Apr/2023:08:00:02 +0000] "GET / HTTP/1.1" 200 5392 "-" "-"
::1 - - [14/Apr/2023:08:00:02 +0000] "GET /pageexistiertnicht HTTP/1.1" 404 1115 "-" "-"
::1 - - [14/Apr/2023:08:00:49 +0000] "POST /api/auth/register HTTP/1.1" 200 2 "-" "-"
::1 - - [14/Apr/2023:08:00:49 +0000] "POST /api/auth/login HTTP/1.1" 200 201 "-" "-"
::1 - - [14/Apr/2023:08:00:49 +0000] "POST /api/subject/create HTTP/1.1" 200 2 "-" "-"
::1 - - [14/Apr/2023:08:00:49 +0000] "GET /api/subject/list HTTP/1.1" 200 1545 "-" "-"
::1 - - [14/Apr/2023:08:00:49 +0000] "GET /api/subject/list?id=47 HTTP/1.1" 200 1545 "-" "-"
::1 - - [14/Apr/2023:08:00:49 +0000] "GET / HTTP/1.1" 200 5392 "-" "-"
::1 - - [14/Apr/2023:08:00:49 +0000] "GET /pageexistiertnicht HTTP/1.1" 404 1115 "-" "-"
::1 - - [14/Apr/2023:08:08:03 +0000] "POST /api/auth/register HTTP/1.1" 200 2 "-" "-"
::1 - - [14/Apr/2023:08:08:03 +0000] "POST /api/auth/login HTTP/1.1" 200 201 "-" "-"
::1 - - [14/Apr/2023:08:08:03 +0000] "POST /api/subject/create HTTP/1.1" 200 2 "-" "-"
::1 - - [14/Apr/2023:08:08:03 +0000] "GET /api/subject/list HTTP/1.1" 200 1646 "-" "-"
::1 - - [14/Apr/2023:08:08:03 +0000] "GET /api/subject/list?id=50 HTTP/1.1" 200 1646 "-" "-"
::1 - - [14/Apr/2023:08:08:03 +0000] "PUT /api/subject/update HTTP/1.1" 200 2 "-" "-"
::1 - - [14/Apr/2023:08:08:03 +0000] "DELETE /api/subject/delete?id=50 HTTP/1.1" 200 2 "-" "-"
::1 - - [14/Apr/2023:08:08:03 +0000] "GET / HTTP/1.1" 200 5392 "-" "-"
::1 - - [14/Apr/2023:08:08:03 +0000] "GET /pageexistiertnicht HTTP/1.1" 404 1115 "-" "-"
::1 - - [14/Apr/2023:08:20:05 +0000] "POST /api/auth/register HTTP/1.1" 200 2 "-" "-"
::1 - - [14/Apr/2023:08:20:05 +0000] "POST /api/auth/login HTTP/1.1" 200 201 "-" "-"
::1 - - [14/Apr/2023:08:20:05 +0000] "POST /api/subject/create HTTP/1.1" 200 2 "-" "-"
::1 - - [14/Apr/2023:08:20:05 +0000] "GET /api/subject/list HTTP/1.1" 200 1710 "-" "-"
::1 - - [14/Apr/2023:08:20:05 +0000] "GET /api/subject/list?id=53 HTTP/1.1" 200 1710 "-" "-"
::1 - - [14/Apr/2023:08:20:05 +0000] "PUT /api/subject/update HTTP/1.1" 200 2 "-" "-"
::1 - - [14/Apr/2023:08:20:05 +0000] "DELETE /api/subject/delete?id=53 HTTP/1.1" 200 2 "-" "-"
::1 - - [14/Apr/2023:08:20:05 +0000] "POST /api/subject/create HTTP/1.1" 200 2 "-" "-"
::1 - - [14/Apr/2023:08:20:05 +0000] "GET /api/subject/list HTTP/1.1" 200 1710 "-" "-"
::1 - - [14/Apr/2023:08:20:05 +0000] "GET /api/subject/list?id=54 HTTP/1.1" 200 1710 "-" "-"
::1 - - [14/Apr/2023:08:20:05 +0000] "PUT /api/subject/update HTTP/1.1" 200 2 "-" "-"
::1 - - [14/Apr/2023:08:20:05 +0000] "DELETE /api/subject/delete?id=54 HTTP/1.1" 200 2 "-" "-"
::1 - - [14/Apr/2023:08:20:05 +0000] "GET / HTTP/1.1" 200 5392 "-" "-"
::1 - - [14/Apr/2023:08:20:05 +0000] "GET /pageexistiertnicht HTTP/1.1" 404 1115 "-" "-"
::1 - - [14/Apr/2023:08:45:23 +0000] "POST /api/auth/register HTTP/1.1" 200 2 "-" "-"
::1 - - [14/Apr/2023:08:45:23 +0000] "POST /api/auth/login HTTP/1.1" 200 201 "-" "-"
::1 - - [14/Apr/2023:08:45:23 +0000] "GET /api/subject/list HTTP/1.1" 200 - "-" "undici"
::1 - - [14/Apr/2023:08:45:23 +0000] "GET /api/subject/list HTTP/1.1" 200 1737 "-" "-"
::1 - - [14/Apr/2023:08:45:23 +0000] "DELETE /api/subject/delete?id=null HTTP/1.1" 200 2 "-" "-"
::1 - - [14/Apr/2023:08:45:24 +0000] "POST /api/subject/create HTTP/1.1" 200 2 "-" "-"
::1 - - [14/Apr/2023:08:45:24 +0000] "GET /api/subject/list HTTP/1.1" 200 1774 "-" "-"
::1 - - [14/Apr/2023:08:45:24 +0000] "GET /api/subject/list?id=57 HTTP/1.1" 200 1774 "-" "-"
::1 - - [14/Apr/2023:08:45:24 +0000] "PUT /api/subject/update HTTP/1.1" 200 2 "-" "-"
::1 - - [14/Apr/2023:08:45:24 +0000] "DELETE /api/subject/delete?id=57 HTTP/1.1" 200 2 "-" "-"
::1 - - [14/Apr/2023:08:45:24 +0000] "GET / HTTP/1.1" 200 5392 "-" "-"
::1 - - [14/Apr/2023:08:45:24 +0000] "GET /pageexistiertnicht HTTP/1.1" 404 1115 "-" "-"
::1 - - [14/Apr/2023:08:47:12 +0000] "POST /api/auth/register HTTP/1.1" 200 2 "-" "-"
::1 - - [14/Apr/2023:08:47:12 +0000] "POST /api/auth/login HTTP/1.1" 200 201 "-" "-"
::1 - - [14/Apr/2023:08:47:12 +0000] "GET /api/subject/list HTTP/1.1" 200 - "-" "undici"
::1 - - [14/Apr/2023:08:47:12 +0000] "GET /api/subject/list HTTP/1.1" 200 1801 "-" "-"
::1 - - [14/Apr/2023:08:47:12 +0000] "DELETE /api/subject/delete?id=null HTTP/1.1" 200 2 "-" "-"
::1 - - [14/Apr/2023:08:47:12 +0000] "POST /api/subject/create HTTP/1.1" 200 2 "-" "-"
::1 - - [14/Apr/2023:08:47:12 +0000] "GET /api/subject/list HTTP/1.1" 200 1838 "-" "-"
::1 - - [14/Apr/2023:08:47:12 +0000] "GET /api/subject/list?id=60 HTTP/1.1" 200 1838 "-" "-"
::1 - - [14/Apr/2023:08:47:12 +0000] "PUT /api/subject/update HTTP/1.1" 200 2 "-" "-"
::1 - - [14/Apr/2023:08:47:12 +0000] "DELETE /api/subject/delete?id=60 HTTP/1.1" 200 2 "-" "-"
::1 - - [14/Apr/2023:08:47:12 +0000] "GET / HTTP/1.1" 200 5392 "-" "-"
::1 - - [14/Apr/2023:08:47:12 +0000] "GET /pageexistiertnicht HTTP/1.1" 404 1115 "-" "-"
::1 - - [14/Apr/2023:08:49:21 +0000] "POST /api/auth/register HTTP/1.1" 200 2 "-" "-"
::1 - - [14/Apr/2023:08:49:21 +0000] "POST /api/auth/login HTTP/1.1" 200 201 "-" "-"
::1 - - [14/Apr/2023:08:49:21 +0000] "GET /api/subject/list HTTP/1.1" 200 - "-" "undici"
::1 - - [14/Apr/2023:08:49:21 +0000] "GET /api/subject/list HTTP/1.1" 200 1865 "-" "-"
::1 - - [14/Apr/2023:08:49:21 +0000] "DELETE /api/subject/delete?id=null HTTP/1.1" 200 2 "-" "-"
::1 - - [14/Apr/2023:08:49:21 +0000] "POST /api/subject/create HTTP/1.1" 200 2 "-" "-"
::1 - - [14/Apr/2023:08:49:21 +0000] "GET /api/subject/list HTTP/1.1" 200 1902 "-" "-"
::1 - - [14/Apr/2023:08:49:21 +0000] "GET /api/subject/list?id=63 HTTP/1.1" 200 1902 "-" "-"
::1 - - [14/Apr/2023:08:49:21 +0000] "PUT /api/subject/update HTTP/1.1" 200 2 "-" "-"
::1 - - [14/Apr/2023:08:49:21 +0000] "DELETE /api/subject/delete?id=63 HTTP/1.1" 200 2 "-" "-"
::1 - - [14/Apr/2023:08:49:22 +0000] "GET / HTTP/1.1" 200 5392 "-" "-"
::1 - - [14/Apr/2023:08:49:22 +0000] "GET /pageexistiertnicht HTTP/1.1" 404 1115 "-" "-"
::1 - - [14/Apr/2023:08:50:17 +0000] "POST /api/auth/register HTTP/1.1" 200 2 "-" "-"
::1 - - [14/Apr/2023:08:50:17 +0000] "POST /api/auth/login HTTP/1.1" 200 201 "-" "-"
::1 - - [14/Apr/2023:08:50:17 +0000] "GET /api/subject/list HTTP/1.1" 200 - "-" "undici"
::1 - - [14/Apr/2023:08:50:17 +0000] "GET /api/subject/list HTTP/1.1" 200 1929 "-" "-"
::1 - - [14/Apr/2023:08:50:17 +0000] "DELETE /api/subject/delete?id=null HTTP/1.1" 200 2 "-" "-"
::1 - - [14/Apr/2023:08:50:17 +0000] "POST /api/subject/create HTTP/1.1" 200 2 "-" "-"
::1 - - [14/Apr/2023:08:50:17 +0000] "GET /api/subject/list HTTP/1.1" 200 1966 "-" "-"
::1 - - [14/Apr/2023:08:50:17 +0000] "GET /api/subject/list?id=66 HTTP/1.1" 200 1966 "-" "-"
::1 - - [14/Apr/2023:08:50:17 +0000] "PUT /api/subject/update HTTP/1.1" 200 2 "-" "-"
::1 - - [14/Apr/2023:08:50:17 +0000] "DELETE /api/subject/delete?id=66 HTTP/1.1" 200 2 "-" "-"
::1 - - [14/Apr/2023:08:50:17 +0000] "GET / HTTP/1.1" 200 5392 "-" "-"
::1 - - [14/Apr/2023:08:50:17 +0000] "GET /pageexistiertnicht HTTP/1.1" 404 1115 "-" "-"
::1 - - [14/Apr/2023:08:57:59 +0000] "POST /api/auth/register HTTP/1.1" 200 2 "-" "-"
::1 - - [14/Apr/2023:08:57:59 +0000] "POST /api/auth/login HTTP/1.1" 200 201 "-" "-"
::1 - - [14/Apr/2023:08:57:59 +0000] "GET /api/subject/list HTTP/1.1" 200 - "-" "undici"
::1 - - [14/Apr/2023:08:57:59 +0000] "GET /api/subject/list HTTP/1.1" 200 1993 "-" "-"
::1 - - [14/Apr/2023:08:57:59 +0000] "DELETE /api/subject/delete?id=null HTTP/1.1" 200 2 "-" "-"
::1 - - [14/Apr/2023:08:57:59 +0000] "POST /api/subject/create HTTP/1.1" 200 2 "-" "-"
::1 - - [14/Apr/2023:08:57:59 +0000] "GET /api/subject/list HTTP/1.1" 200 2030 "-" "-"
::1 - - [14/Apr/2023:08:57:59 +0000] "GET /api/subject/list?id=69 HTTP/1.1" 200 2030 "-" "-"
::1 - - [14/Apr/2023:08:57:59 +0000] "PUT /api/subject/update HTTP/1.1" 200 2 "-" "-"
::1 - - [14/Apr/2023:08:57:59 +0000] "DELETE /api/subject/delete?id=69 HTTP/1.1" 200 2 "-" "-"
::1 - - [14/Apr/2023:08:57:59 +0000] "GET / HTTP/1.1" 200 5392 "-" "-"
::1 - - [14/Apr/2023:08:57:59 +0000] "GET /pageexistiertnicht HTTP/1.1" 404 1115 "-" "-"
::1 - - [14/Apr/2023:09:00:55 +0000] "POST /api/auth/register HTTP/1.1" 200 2 "-" "-"
::1 - - [14/Apr/2023:09:00:55 +0000] "POST /api/auth/login HTTP/1.1" 200 201 "-" "-"
::1 - - [14/Apr/2023:09:00:55 +0000] "GET /api/subject/list HTTP/1.1" 200 - "-" "undici"
::1 - - [14/Apr/2023:09:00:57 +0000] "GET /api/subject/list HTTP/1.1" 200 2057 "-" "-"
::1 - - [14/Apr/2023:09:00:57 +0000] "DELETE /api/subject/delete?id=null HTTP/1.1" 200 2 "-" "-"
::1 - - [14/Apr/2023:09:00:57 +0000] "POST /api/subject/create HTTP/1.1" 200 2 "-" "-"
::1 - - [14/Apr/2023:09:00:57 +0000] "GET /api/subject/list HTTP/1.1" 200 2094 "-" "-"
::1 - - [14/Apr/2023:09:00:57 +0000] "GET /api/subject/list?id=72 HTTP/1.1" 200 2094 "-" "-"
::1 - - [14/Apr/2023:09:00:57 +0000] "PUT /api/subject/update HTTP/1.1" 200 2 "-" "-"
::1 - - [14/Apr/2023:09:00:57 +0000] "DELETE /api/subject/delete?id=72 HTTP/1.1" 200 2 "-" "-"
::1 - - [14/Apr/2023:09:00:57 +0000] "GET / HTTP/1.1" 200 5392 "-" "-"
::1 - - [14/Apr/2023:09:00:57 +0000] "GET /pageexistiertnicht HTTP/1.1" 404 1115 "-" "-"
::1 - - [14/Apr/2023:09:00:58 +0000] "POST /api/entry/create HTTP/1.1" - - "-" "-"
::1 - - [14/Apr/2023:09:02:48 +0000] "POST /api/auth/register HTTP/1.1" 200 2 "-" "-"
::1 - - [14/Apr/2023:09:02:48 +0000] "POST /api/auth/login HTTP/1.1" 200 201 "-" "-"
::1 - - [14/Apr/2023:09:02:48 +0000] "GET /api/subject/list HTTP/1.1" 200 - "-" "undici"
::1 - - [14/Apr/2023:09:02:50 +0000] "GET /api/subject/list HTTP/1.1" 200 2121 "-" "-"
::1 - - [14/Apr/2023:09:02:50 +0000] "DELETE /api/subject/delete?id=null HTTP/1.1" 200 2 "-" "-"
::1 - - [14/Apr/2023:09:02:50 +0000] "POST /api/subject/create HTTP/1.1" 200 2 "-" "-"
::1 - - [14/Apr/2023:09:02:50 +0000] "GET /api/subject/list HTTP/1.1" 200 2158 "-" "-"
::1 - - [14/Apr/2023:09:02:50 +0000] "GET /api/subject/list?id=75 HTTP/1.1" 200 2158 "-" "-"
::1 - - [14/Apr/2023:09:02:50 +0000] "PUT /api/subject/update HTTP/1.1" 200 2 "-" "-"
::1 - - [14/Apr/2023:09:02:50 +0000] "DELETE /api/subject/delete?id=75 HTTP/1.1" 200 2 "-" "-"
::1 - - [14/Apr/2023:09:02:50 +0000] "GET / HTTP/1.1" 200 5392 "-" "-"
::1 - - [14/Apr/2023:09:02:50 +0000] "GET /pageexistiertnicht HTTP/1.1" 404 1115 "-" "-"
::1 - - [14/Apr/2023:09:02:51 +0000] "POST /api/entry/create HTTP/1.1" - - "-" "-"
